<?xml version="1.0" encoding="UTF-8"?>
<!-- Generated by org.testng.reporters.JUnitReportReporter -->
<testsuite hostname="Anonymous" failures="0" tests="1" name="Mavenproject.extentreports.extentReportDemo" time="7.135" errors="0" timestamp="2022-10-29T16:13:10 IST" skipped="0">
  <testcase classname="Mavenproject.extentreports.extentReportDemo" name="initialDemo" time="7.135"/>
  <system-out/>
</testsuite> <!-- Mavenproject.extentreports.extentReportDemo -->
